<?xml version="1.0" encoding="UTF-8"?>
<!-- Generated by org.testng.reporters.JUnitReportReporter -->
<testsuite hostname="lappy" failures="0" tests="1" name="com.automationexcerise.testautomation.TestLoginPage" time="12.927" errors="0" timestamp="2024-09-26T14:58:06 IST" skipped="0">
  <testcase classname="com.automationexcerise.testautomation.TestLoginPage" name="testPage" time="12.927"/>
</testsuite> <!-- com.automationexcerise.testautomation.TestLoginPage -->
