<?xml version="1.0" encoding="UTF-8"?>
<!-- Generated by org.testng.reporters.JUnitReportReporter -->
<testsuite hostname="lappy" failures="0" tests="1" name="com.automationexcerise.testautomation.TestSignUpPage" time="48.873" errors="0" timestamp="2024-09-24T18:22:48 IST" skipped="0">
  <testcase classname="com.automationexcerise.testautomation.TestSignUpPage" name="testPage" time="48.873"/>
</testsuite> <!-- com.automationexcerise.testautomation.TestSignUpPage -->
