<?xml version="1.0" encoding="UTF-8"?>
<!-- Generated by org.testng.reporters.JUnitReportReporter -->
<testsuite hostname="lappy" failures="0" tests="1" name="com.automationexcerise.testautomation.TestPlaceOrder" time="31.901" errors="0" timestamp="2024-09-26T14:58:06 IST" skipped="0">
  <testcase classname="com.automationexcerise.testautomation.TestPlaceOrder" name="testPage" time="31.901"/>
</testsuite> <!-- com.automationexcerise.testautomation.TestPlaceOrder -->
