<?xml version="1.0" encoding="UTF-8"?>
<!-- Generated by org.testng.reporters.JUnitReportReporter -->
<testsuite hostname="lappy" failures="0" tests="1" name="com.automationexcerise.testautomation.TestAddtoCart" time="11.897" errors="0" timestamp="2024-09-26T14:58:06 IST" skipped="0">
  <testcase classname="com.automationexcerise.testautomation.TestAddtoCart" name="testPage" time="11.897"/>
</testsuite> <!-- com.automationexcerise.testautomation.TestAddtoCart -->
