<?xml version="1.0" encoding="UTF-8"?>
<!-- Generated by org.testng.reporters.JUnitReportReporter -->
<testsuite hostname="lappy" failures="0" tests="1" name="com.automationexcerise.testautomation.TestPlaceOrder" time="32.972" errors="0" timestamp="2024-09-25T13:38:19 IST" skipped="0">
  <testcase classname="com.automationexcerise.testautomation.TestPlaceOrder" name="testPage" time="32.972"/>
</testsuite> <!-- com.automationexcerise.testautomation.TestPlaceOrder -->
