<?xml version="1.0" encoding="UTF-8"?>
<!-- Generated by org.testng.reporters.JUnitReportReporter -->
<testsuite hostname="lappy" failures="0" tests="1" name="com.automationexcerise.testautomation.TestAddtoCart" time="11.355" errors="0" timestamp="2024-09-25T13:38:19 IST" skipped="0">
  <testcase classname="com.automationexcerise.testautomation.TestAddtoCart" name="testPage" time="11.355"/>
</testsuite> <!-- com.automationexcerise.testautomation.TestAddtoCart -->
